<?xml version="1.0" encoding="UTF-8"?>
<testsuite xmlns:xsi="http://www.w3.org/2001/XMLSchema-instance" xsi:noNamespaceSchemaLocation="https://maven.apache.org/surefire/maven-surefire-plugin/xsd/surefire-test-report.xsd" name="com.yupi.usercenter.service.UserServiceTest" time="6.495" tests="3" errors="1" skipped="0" failures="0">
  <properties>
[...]
</properties>
  <testcase name="userRegisterTest01" classname="com.yupi.usercenter.service.UserServiceTest" time="0.26"/>
  <testcase name="test01" classname="com.yupi.usercenter.service.UserServiceTest" time="1.947"/>
  <testcase name="userRegisterTest" classname="com.yupi.usercenter.service.UserServiceTest" time="0.028">
    <error message="请求参数错误" type="com.yupi.usercenter.exception.BussinessException">com.yupi.usercenter.exception.BussinessException: 请求参数错误
	at com.yupi.usercenter.service.UserServiceTest.userRegisterTest(UserServiceTest.java:45)
</error>
  </testcase>
</testsuite>